C51 COMPILER V7.06   AD9627                                                                11/28/2016 13:19:34 PAGE 1   


C51 COMPILER V7.06, COMPILATION OF MODULE AD9627
OBJECT MODULE PLACED IN ad9627.OBJ
COMPILER INVOKED BY: d:\Keil\C51\BIN\C51.EXE ad9627.c COMPACT BROWSE DEBUG OBJECTEXTEND

stmt level    source

   1          #include "C8051F340.h"
   2          #define uchar unsigned char
   3          #define uint  unsigned int
   4          #define ulong unsigned long
   5          
   6          sbit ADC_CS1    = P1^0;         //output
   7          sbit ADC_CS2    = P1^1;         //output
   8          sbit ADC_CS3    = P1^2;         //output
   9          sbit ADC_CS4    = P1^3;         //output
  10          sbit ADC_SCLK   = P1^4;         //output 
  11          sbit ADC_SDIO   = P1^5;         //output(write),input(read)
  12          
  13          extern void delay(uint cnt);                     // 延时
  14          void AD_SPI(uchar add, uchar num);       // write AD register
  15          void ini9627(uchar number);                      // 初始化ADC,0:power down;1:normal
  16          uchar read_AD(uchar num,uchar add);              //read ADC
  17          
  18          /*---------------------------------------
  19          purpose:初始化ADC
  20          parameters:  0:power down;1:normal
  21          modify:
  22          ----------------------------------------*/
  23          void ini9627(uchar number)
  24          {
  25   1              delay(5);
  26   1          //-------ad set-------//
  27   1              if(number==0)
  28   1              {
  29   2                      AD_SPI(0x08,0x01);                      //power down AD
  30   2                      AD_SPI(0xff,0x01);                      //update AD register
  31   2              }
  32   1              else
  33   1              {
  34   2                      AD_SPI(0x08,0x00);                      //AD normal
  35   2                      AD_SPI(0x14,0x40);                      //LVDS output,offset(unsigned) binary  40
  36   2                      AD_SPI(0xff,0x01);                      //update AD register
  37   2              }
  38   1      }
  39          /*---------------------------------------
  40          purpose:在ADC指定的地址写寄存器的值
  41          parameters:
  42          modify:
  43          ----------------------------------------*/
  44          void AD_SPI(uchar add, uchar num)
  45          {       
  46   1              idata uchar i=0;
  47   1              idata ulong reg=0;
  48   1      
  49   1              P2MDOUT  = 0xf3;                                        //P2.6(SDIO):output
  50   1              ADC_SDIO = 0;
  51   1      
  52   1              ADC_CS1=1;
  53   1              ADC_CS2=1;
  54   1              ADC_CS3=1;
  55   1              ADC_CS4=1;
C51 COMPILER V7.06   AD9627                                                                11/28/2016 13:19:34 PAGE 2   

  56   1              reg=add;
  57   1              reg=reg<<8;
  58   1              reg=reg+num;
  59   1              ADC_CS1=0;
  60   1              ADC_CS2=0;
  61   1              ADC_CS3=0;
  62   1              ADC_CS4=0;
  63   1              do
  64   1              {
  65   2                      if((reg&0x800000) == 0x800000)
  66   2                              ADC_SDIO = 1;
  67   2                      else
  68   2                              ADC_SDIO = 0;
  69   2                      ADC_SCLK = 0;
  70   2                      delay(10);                                              //最小50ns
  71   2                      ADC_SCLK = 1;
  72   2                      delay(10);
  73   2                      ADC_SCLK = 0;
  74   2                      reg=reg<<1;
  75   2                      i++;
  76   2              }while(i<24);
  77   1              ADC_CS1=1;
  78   1              ADC_CS2=1;
  79   1              ADC_CS3=1;
  80   1              ADC_CS4=1;
  81   1      }
  82          
  83          /*---------------------------------------
  84          purpose:read ADC
  85          parameters:
  86          modify:
  87          ----------------------------------------*/                                                                       
  88          uchar read_AD(uchar num,uchar add)
  89          {       
  90   1              idata uchar i=0;
  91   1              idata uint reg=0;
  92   1              idata uchar da_temp,temp;
  93   1                      
  94   1              ADC_CS1=1;
  95   1              ADC_CS2=1;
  96   1              ADC_CS3=1;
  97   1              ADC_CS4=1;
  98   1              reg=add+0x8000;                                         //16bit instruction
  99   1      
 100   1              P2MDOUT  = 0xf3;                                        //P2.6(SDIO):output
 101   1              ADC_SDIO = 0;
 102   1      
 103   1              switch(num)
 104   1              {
 105   2                      case 1: ADC_CS1=0; break;
 106   2                      case 2: ADC_CS2=0; break;
 107   2                      case 3: ADC_CS3=0; break;
 108   2                      case 4: ADC_CS4=0; break;
 109   2                      default: break;
 110   2              }
 111   1      
 112   1              do                                                                      
 113   1              {
 114   2                      if((reg&0x8000) == 0x8000)
 115   2                              ADC_SDIO = 1;
 116   2                      else
 117   2                              ADC_SDIO = 0;
C51 COMPILER V7.06   AD9627                                                                11/28/2016 13:19:34 PAGE 3   

 118   2                      ADC_SCLK = 0;
 119   2                      delay(10);                                              //最小50ns
 120   2                      ADC_SCLK = 1;
 121   2                      delay(10);
 122   2                      ADC_SCLK = 0;
 123   2                      reg=reg<<1;
 124   2                      i++;
 125   2              }while(i<16);
 126   1              i=0;
 127   1      
 128   1              P2MDOUT  = 0xb3;                                        //P2.6(SDIO):input
 129   1              ADC_SDIO = 1;
 130   1              do
 131   1              {
 132   2                      ADC_SCLK = 0;
 133   2                      delay(10);                                              //最小50ns
 134   2                      ADC_SCLK = 1;
 135   2                      da_temp=da_temp<<1;
 136   2                      temp=ADC_SDIO;
 137   2                      da_temp=temp+da_temp;
 138   2                      delay(10);
 139   2                      ADC_SCLK = 0;
 140   2                      i++;
 141   2              }while(i<8);
 142   1              ADC_CS1=1;
 143   1              ADC_CS2=1;
 144   1              ADC_CS3=1;
 145   1              ADC_CS4=1;
 146   1      
 147   1              return da_temp;
 148   1      }


MODULE INFORMATION:   STATIC OVERLAYABLE
   CODE SIZE        =    407    ----
   CONSTANT SIZE    =   ----    ----
   XDATA SIZE       =   ----    ----
   PDATA SIZE       =   ----       2
   DATA SIZE        =   ----    ----
   IDATA SIZE       =   ----      10
   BIT SIZE         =   ----    ----
END OF MODULE INFORMATION.


C51 COMPILATION COMPLETE.  0 WARNING(S),  0 ERROR(S)
