C51 COMPILER V7.06   MAIN                                                                  12/28/2016 17:59:01 PAGE 1   


C51 COMPILER V7.06, COMPILATION OF MODULE MAIN
OBJECT MODULE PLACED IN main.OBJ
COMPILER INVOKED BY: d:\Keil\C51\BIN\C51.EXE main.c COMPACT BROWSE DEBUG OBJECTEXTEND

stmt level    source

   1          #include "c8051f340.h"
   2          #include <stddef.h>                  // Used for NULL pointer definition
   3          
   4          
   5          //********************************************************//
   6          //***************Constants Definitions********************//
   7          //********************************************************//
   8          #define uchar unsigned char
   9          #define uint  unsigned int
  10          #define ulong unsigned long
  11          
  12          //*******************************************************//
  13          //*********************引脚定义**************************//
  14          //*******************************************************//
  15          
  16          
  17          
  18          //*******************************************************//
  19          //******* [BEGIN] Function Information [BEGIN] **********//
  20          //*******************************************************//
  21          
  22          void Init_Device(void);                  // Initialize Ports Pins and Enable Crossbar
  23          void delay(uint cnt);                    // 延时
  24          
  25          
  26          extern void CLK_SPI2581(uchar add, ulong num);   // write CLK register
  27          extern void iniLMX2581(void);                    // 初始化LMX2581
  28          extern void iniLMK04828(void);                   // 初始化LMK04828
  29          extern void iniAD6676(void);
  30          
  31          extern uchar read_CLK04828(uint add);
  32          extern void CLK_SPI04828(uint add, uchar num);
  33          
  34          extern void inidac38j84(uchar number);                   // 初始化DAC,0:power down;1:normal
  35          extern  uchar read_AD0(ulong add);
  36          extern void iniAD12J2700(uchar number);                  // 初始化ADC,0:power down;1:normal
  37          extern void DA_SPI(uchar add, ulong num);        // write DA register
  38          extern uint read_DA(uint add);           //read DAC
  39           sbit LMK_SYNC   = P2^4;                //inuput
  40          /*---------------------------------------
  41          purpose:主程序
  42          parameters:
  43          modify:
  44          ----------------------------------------*/      
  45          void main()
  46          {
  47   1      uchar num=0;
  48   1      
  49   1              PCA0MD &= ~0x40;                          // WDTE = 0 (clear watchdog timer enable)                                           
             -  
  50   1              Init_Device();
  51   1      
  52   1              //delay(60000);
  53   1      
  54   1              iniLMK04828();
C51 COMPILER V7.06   MAIN                                                                  12/28/2016 17:59:01 PAGE 2   

  55   1              iniAD6676();
  56   1      
  57   1              delay(100);
  58   1         num=0;
  59   1          while (1)
  60   1              {       
  61   2                      
  62   2              }
  63   1      }
  64          /*---------------------------------------
  65          purpose:初始化MCU
  66          parameters:
  67          modify:
  68          ----------------------------------------*/
  69          void Init_Device(void)
  70          {
  71   1         OSCICN = 0x83;                      //Configure internal oscillator for its highest frequency
  72   1      
  73   1         P0MDIN   = 0xff;                                        //digital port
  74   1         P0MDOUT  = 0x5f;                    //p0.7 P0.5 input
  75   1         P0       = 0xa0;                                        //
  76   1                                             
  77   1         P1MDIN   = 0xff;                                        //digital port
  78   1         P1MDOUT  = 0x0f;                    //p1.4-7 input 
  79   1         P1       = 0x08;
  80   1      
  81   1         P2MDIN   = 0xff;                                        //digital port
  82   1         P2MDOUT  = 0xe8;                    //output  p2.1-2 input
  83   1         P2       = 0x08;
  84   1      
  85   1         P3MDIN   = 0xff;                                        //digital port
  86   1         P3MDOUT  = 0x3f;                    //P3.7,P3.6:input
  87   1         P3       = 0xc0;                    
  88   1      
  89   1         P4MDIN   = 0xff;                                        //digital port
  90   1         P4MDOUT  = 0xff;                    //output
  91   1         P4       = 0x00;                    
  92   1      
  93   1         XBR0     = 0x00;                    // No digital peripherals selected
  94   1         XBR1     = 0x40;                    // Enable crossbar and weak pull-ups
  95   1      }
  96          /*---------------------------------------
  97          purpose:延时
  98          parameters:
  99          modify:
 100          ----------------------------------------*/
 101          void delay(uint cnt)
 102          {
 103   1              idata uint k,j;
 104   1              k=cnt;
 105   1              //while(k>0)k--;
 106   1              for(k=cnt;k>0;k--) // k=40--1ms
 107   1                      for(j=100;j>0;j--);
 108   1      }


MODULE INFORMATION:   STATIC OVERLAYABLE
   CODE SIZE        =    135    ----
   CONSTANT SIZE    =   ----    ----
   XDATA SIZE       =   ----    ----
   PDATA SIZE       =   ----    ----
   DATA SIZE        =   ----    ----
C51 COMPILER V7.06   MAIN                                                                  12/28/2016 17:59:01 PAGE 3   

   IDATA SIZE       =   ----       4
   BIT SIZE         =   ----    ----
END OF MODULE INFORMATION.


C51 COMPILATION COMPLETE.  0 WARNING(S),  0 ERROR(S)
